<?xml version="1.0" encoding="UTF-8"?>
<!-- Generated by org.testng.reporters.JUnitXMLReporter -->
<testsuite hostname="LAPTOP-0H3G4G6P" ignored="0" name="Free CRM test cases" tests="12" failures="0" timestamp="2020-08-04T21:44:21 CAT" time="334.248" errors="0">
  <testcase name="newContactTest" time="2.27" classname="com.crm.qa.testcases.ContactsPageTest"/>
  <testcase name="newContactTest" time="1.992" classname="com.crm.qa.testcases.ContactsPageTest"/>
  <testcase name="newContactTest" time="2.402" classname="com.crm.qa.testcases.ContactsPageTest"/>
  <testcase name="contactsLabelTest" time="0.055" classname="com.crm.qa.testcases.ContactsPageTest"/>
  <testcase name="contactsLinkTest" time="0.147" classname="com.crm.qa.testcases.HomePageTest"/>
  <testcase name="dealsLinkTest" time="0.147" classname="com.crm.qa.testcases.HomePageTest"/>
  <testcase name="tasksLinkTest" time="0.169" classname="com.crm.qa.testcases.HomePageTest"/>
  <testcase name="homePageTitleTest" time="0.007" classname="com.crm.qa.testcases.HomePageTest"/>
  <testcase name="userNameTest" time="0.1" classname="com.crm.qa.testcases.HomePageTest"/>
  <testcase name="loginPageTitleTest" time="0.008" classname="com.crm.qa.testcases.LoginPageTest"/>
  <testcase name="crmLogoTest" time="0.048" classname="com.crm.qa.testcases.LoginPageTest"/>
  <testcase name="loginTest" time="10.465" classname="com.crm.qa.testcases.LoginPageTest"/>
</testsuite> <!-- Free CRM test cases -->
